[08:22:08] [Server thread/INFO] [net.minecraft.server.dedicated.DedicatedServer]: Quân was slain by antran
[08:23:12] [Server thread/INFO] [net.minecraft.server.dedicated.DedicatedServer]: aiden was slain by antran
[08:23:38] [Server thread/INFO] [net.minecraft.server.dedicated.DedicatedServer]: Quân shot antran's head off using S1897!
[08:26:56] [Server thread/INFO] [net.minecraft.server.dedicated.DedicatedServer]: aiden shot Mattl1103 using G36C
[08:29:14] [Server thread/INFO] [net.minecraft.server.dedicated.DedicatedServer]: aiden shot Mattl1103's head off using MP5K!
[08:32:12] [Server thread/INFO] [net.minecraft.server.dedicated.DedicatedServer]: antran shot vochidat0's head off using MP5K!
[08:33:55] [Server thread/INFO] [net.minecraft.server.dedicated.DedicatedServer]: aiden shot Quân's head off using MP5K!
[08:34:55] [Server thread/INFO] [net.minecraft.server.dedicated.DedicatedServer]: antran shot Quân using Scar-L
[08:36:42] [Server thread/INFO] [net.minecraft.server.dedicated.DedicatedServer]: antran shot Quân using MP5K
[08:38:59] [Server thread/INFO] [net.minecraft.server.dedicated.DedicatedServer]: aiden shot antran using MP5K
[08:40:45] [Server thread/INFO] [net.minecraft.server.dedicated.DedicatedServer]: Mattl1103 was slain by antran
[08:40:58] [Server thread/INFO] [net.minecraft.server.dedicated.DedicatedServer]: aiden shot antran using MP5K
[08:41:44] [Server thread/INFO] [net.minecraft.server.dedicated.DedicatedServer]: vochidat0 shot ngocanhnckh's head off using MK-47 Mutant!
[08:42:06] [Server thread/INFO] [net.minecraft.server.dedicated.DedicatedServer]: aiden shot ngocanhnckh's head off using G36C!
[08:44:31] [Server thread/INFO] [net.minecraft.server.dedicated.DedicatedServer]: Quân shot ngocanhnckh's head off using G36C!
[08:45:00] [Server thread/INFO] [net.minecraft.server.dedicated.DedicatedServer]: aiden shot vochidat0's head off using MP5K!
[08:45:59] [Server thread/INFO] [net.minecraft.server.dedicated.DedicatedServer]: Quân shot Mattl1103 using G36C
[08:47:01] [Server thread/INFO] [net.minecraft.server.dedicated.DedicatedServer]: aiden shot vochidat0's head off using G36C!
[08:48:23] [Server thread/INFO] [net.minecraft.server.dedicated.DedicatedServer]: vochidat0 shot Mattl1103 using UMP-45
[08:49:34] [Server thread/INFO] [net.minecraft.server.dedicated.DedicatedServer]: antran shot vochidat0's head off using MP5K!
[08:49:41] [Server thread/INFO] [net.minecraft.server.dedicated.DedicatedServer]: aiden shot ngocanhnckh's head off using MP5K!
[08:50:48] [Server thread/INFO] [net.minecraft.server.dedicated.DedicatedServer]: Quân shot ngocanhnckh using G36C
[08:52:20] [Server thread/INFO] [net.minecraft.server.dedicated.DedicatedServer]: Mattl1103 shot antran using AKM
[08:53:19] [Server thread/INFO] [net.minecraft.server.dedicated.DedicatedServer]: aiden shot ngocanhnckh's head off using Deagle!
[08:53:26] [Server thread/INFO] [net.minecraft.server.dedicated.DedicatedServer]: Mattl1103 shot aiden using AKM
[08:53:36] [Server thread/INFO] [net.minecraft.server.dedicated.DedicatedServer]: Mattl1103 shot antran using AKM
[08:55:28] [Server thread/INFO] [net.minecraft.server.dedicated.DedicatedServer]: Quân shot ngocanhnckh using G36C
[08:57:04] [Server thread/INFO] [net.minecraft.server.dedicated.DedicatedServer]: vochidat0 shot ngocanhnckh's head off using UMP-45!
[08:57:43] [Server thread/INFO] [net.minecraft.server.dedicated.DedicatedServer]: aiden shot Quân's head off using SKS!
[08:58:03] [Server thread/INFO] [net.minecraft.server.dedicated.DedicatedServer]: aiden shot ngocanhnckh using M16A4
[08:59:57] [Server thread/INFO] [net.minecraft.server.dedicated.DedicatedServer]: Quân shot aiden's head off using QBZ!
[09:01:07] [Server thread/INFO] [net.minecraft.server.dedicated.DedicatedServer]: ngocanhnckh shot vochidat0's head off using Mini-14!
[09:02:29] [Server thread/INFO] [net.minecraft.server.dedicated.DedicatedServer]: aiden shot antran using Vector
[09:04:57] [Server thread/INFO] [net.minecraft.server.dedicated.DedicatedServer]: Quân shot vochidat0's head off using MP5K!
[09:05:33] [Server thread/INFO] [net.minecraft.server.dedicated.DedicatedServer]: aiden shot antran's head off using M416!
[09:06:24] [Server thread/INFO] [net.minecraft.server.dedicated.DedicatedServer]: aiden shot vochidat0's head off using M416!
[09:08:20] [Server thread/INFO] [net.minecraft.server.dedicated.DedicatedServer]: Mattl1103 shot antran using AKM
[09:09:17] [Server thread/INFO] [net.minecraft.server.dedicated.DedicatedServer]: Quân shot ngocanhnckh's head off using Vector!
[09:10:12] [Server thread/INFO] [net.minecraft.server.dedicated.DedicatedServer]: aiden shot antran's head off using M416!
[09:10:56] [Server thread/INFO] [net.minecraft.server.dedicated.DedicatedServer]: Quân shot aiden using Vector
[09:12:59] [Server thread/INFO] [net.minecraft.server.dedicated.DedicatedServer]: Mattl1103 shot antran's head off using S1897!
[09:13:43] [Server thread/INFO] [net.minecraft.server.dedicated.DedicatedServer]: Quân shot aiden using PP-19 Bizon
[09:14:32] [Server thread/INFO] [net.minecraft.server.dedicated.DedicatedServer]: Mattl1103 shot Quân's head off using Vector!
[09:15:28] [Server thread/INFO] [net.minecraft.server.dedicated.DedicatedServer]: Quân shot aiden using Scorpion
[09:16:56] [Server thread/INFO] [net.minecraft.server.dedicated.DedicatedServer]: Mattl1103 shot vochidat0 using AUG
[09:17:19] [Server thread/INFO] [net.minecraft.server.dedicated.DedicatedServer]: aiden shot Quân's head off using S1897!
[09:20:04] [Server thread/INFO] [net.minecraft.server.dedicated.DedicatedServer]: aiden shot antran's head off using Scorpion!
[09:20:31] [Server thread/INFO] [net.minecraft.server.dedicated.DedicatedServer]: ngocanhnckh shot aiden's head off using Groza!
[09:22:33] [Server thread/INFO] [net.minecraft.server.dedicated.DedicatedServer]: Mattl1103 shot Quân using AUG
[09:22:36] [Server thread/INFO] [net.minecraft.server.dedicated.DedicatedServer]: vochidat0 shot aiden's head off using S12K!
[09:26:18] [Server thread/INFO] [net.minecraft.server.dedicated.DedicatedServer]: Mattl1103 shot vochidat0 using AUG
[09:27:50] [Server thread/INFO] [net.minecraft.server.dedicated.DedicatedServer]: Quân shot vochidat0's head off using P92!
[09:28:55] [Server thread/INFO] [net.minecraft.server.dedicated.DedicatedServer]: Quân shot vochidat0 using Scorpion
[09:29:23] [Server thread/INFO] [net.minecraft.server.dedicated.DedicatedServer]: aiden shot antran's head off using MK-47 Mutant!
[09:29:58] [Server thread/INFO] [net.minecraft.server.dedicated.DedicatedServer]: aiden shot antran's head off using MK-47 Mutant!
[09:30:51] [Server thread/INFO] [net.minecraft.server.dedicated.DedicatedServer]: aiden shot antran's head off using MK-47 Mutant!
[09:31:28] [Server thread/INFO] [net.minecraft.server.dedicated.DedicatedServer]: Mattl1103 shot aiden's head off using AUG!
[09:32:22] [Server thread/INFO] [net.minecraft.server.dedicated.DedicatedServer]: Mattl1103 shot aiden's head off using AUG!
[09:33:23] [Server thread/INFO] [net.minecraft.server.dedicated.DedicatedServer]: Mattl1103 shot vochidat0 using AUG
[09:34:47] [Server thread/INFO] [net.minecraft.server.dedicated.DedicatedServer]: Mattl1103 shot vochidat0 using AUG
[09:36:07] [Server thread/INFO] [net.minecraft.server.dedicated.DedicatedServer]: Mattl1103 shot aiden using AUG
[09:36:15] [Server thread/INFO] [net.minecraft.server.dedicated.DedicatedServer]: Quân shot ngocanhnckh's head off using AUG!
[09:37:02] [Server thread/INFO] [net.minecraft.server.dedicated.DedicatedServer]: antran shot Quân's head off using Vector!
[09:37:14] [Server thread/INFO] [net.minecraft.server.dedicated.DedicatedServer]: aiden shot ngocanhnckh using QBZ
[09:40:06] [Server thread/INFO] [net.minecraft.server.dedicated.DedicatedServer]: Mattl1103 shot aiden's head off using AUG!
[09:40:37] [Server thread/INFO] [net.minecraft.server.dedicated.DedicatedServer]: Mattl1103 shot vochidat0's head off using AUG!
[09:41:06] [Server thread/INFO] [net.minecraft.server.dedicated.DedicatedServer]: aiden shot antran's head off using MK-47 Mutant!
[09:41:18] [Server thread/INFO] [net.minecraft.server.dedicated.DedicatedServer]: Mattl1103 shot aiden using AUG
[09:42:33] [Server thread/INFO] [net.minecraft.server.dedicated.DedicatedServer]: aiden shot Mattl1103 using Mini-14
[09:51:36] [Server thread/INFO] [net.minecraft.server.dedicated.DedicatedServer]: Quân shot ngocanhnckh's head off using AUG!
[09:52:24] [Server thread/INFO] [net.minecraft.server.dedicated.DedicatedServer]: Quân shot antran using AUG
[09:53:47] [Server thread/INFO] [net.minecraft.server.dedicated.DedicatedServer]: Quân shot antran using AUG
[09:55:18] [Server thread/INFO] [net.minecraft.server.dedicated.DedicatedServer]: aiden shot antran's head off using Groza!
[09:55:45] [Server thread/INFO] [net.minecraft.server.dedicated.DedicatedServer]: Mattl1103 shot Quân's head off using Scar-L!
[09:56:45] [Server thread/INFO] [net.minecraft.server.dedicated.DedicatedServer]: Quân shot ngocanhnckh using Tommy Gun
[09:56:49] [Server thread/INFO] [net.minecraft.server.dedicated.DedicatedServer]: Mattl1103 shot Quân's head off using Scar-L!
[09:58:31] [Server thread/INFO] [net.minecraft.server.dedicated.DedicatedServer]: Mattl1103 shot aiden using Scar-L
[09:58:37] [Server thread/INFO] [net.minecraft.server.dedicated.DedicatedServer]: Mattl1103 shot vochidat0's head off using Scar-L!
[09:58:52] [Server thread/INFO] [net.minecraft.server.dedicated.DedicatedServer]: antran shot vochidat0 using PP-19 Bizon
[09:59:53] [Server thread/INFO] [net.minecraft.server.dedicated.DedicatedServer]: antran shot vochidat0's head off using Tommy Gun!
[09:59:57] [Server thread/INFO] [net.minecraft.server.dedicated.DedicatedServer]: antran shot aiden's head off using Tommy Gun!
[10:00:34] [Server thread/INFO] [net.minecraft.server.dedicated.DedicatedServer]: Mattl1103 shot antran's head off using Scar-L!
[10:01:07] [Server thread/INFO] [net.minecraft.server.dedicated.DedicatedServer]: Mattl1103 shot Quân using Scar-L
[10:01:42] [Server thread/INFO] [net.minecraft.server.dedicated.DedicatedServer]: ngocanhnckh shot aiden's head off using AWM!
[10:08:22] [Server thread/INFO] [net.minecraft.server.dedicated.DedicatedServer]: antran shot aiden's head off using Tommy Gun!
[10:08:24] [Server thread/INFO] [net.minecraft.server.dedicated.DedicatedServer]: Quân shot antran using M416
[10:09:03] [Server thread/INFO] [net.minecraft.server.dedicated.DedicatedServer]: antran was slain by aiden
[10:10:51] [Server thread/INFO] [net.minecraft.server.dedicated.DedicatedServer]: ngocanhnckh shot aiden using AWM
[10:13:33] [Server thread/INFO] [net.minecraft.server.dedicated.DedicatedServer]: aiden shot antran's head off using Deagle!
[10:14:58] [Server thread/INFO] [net.minecraft.server.dedicated.DedicatedServer]: Quân shot antran's head off using Tommy Gun!
[10:17:41] [Server thread/INFO] [net.minecraft.server.dedicated.DedicatedServer]: ngocanhnckh shot Quân using AWM
[10:19:45] [Server thread/INFO] [net.minecraft.server.dedicated.DedicatedServer]: ngocanhnckh shot aiden's head off using AWM!
[10:20:12] [Server thread/INFO] [net.minecraft.server.dedicated.DedicatedServer]: ngocanhnckh shot Quân's head off using AWM!
[10:37:48] [Server thread/INFO] [net.minecraft.server.dedicated.DedicatedServer]: Mattl1103 shot Quân's head off using Scar-L!
[10:38:32] [Server thread/INFO] [net.minecraft.server.dedicated.DedicatedServer]: Mattl1103 shot Quân using SLR
[10:39:33] [Server thread/INFO] [net.minecraft.server.dedicated.DedicatedServer]: Mattl1103 shot Quân's head off using SLR!
[10:39:58] [Server thread/INFO] [net.minecraft.server.dedicated.DedicatedServer]: Mattl1103 shot antran using Scar-L
[10:41:29] [Server thread/INFO] [net.minecraft.server.dedicated.DedicatedServer]: aiden shot ngocanhnckh using M416
[10:42:43] [Server thread/INFO] [net.minecraft.server.dedicated.DedicatedServer]: aiden shot Mattl1103's head off using M416!
[10:43:47] [Server thread/INFO] [net.minecraft.server.dedicated.DedicatedServer]: aiden shot Mattl1103's head off using M416!
[10:45:39] [Server thread/INFO] [net.minecraft.server.dedicated.DedicatedServer]: aiden shot antran using Tommy Gun
[10:57:37] [Server thread/INFO] [net.minecraft.server.dedicated.DedicatedServer]: aiden shot ngocanhnckh using AUG
[10:59:39] [Server thread/INFO] [net.minecraft.server.dedicated.DedicatedServer]: aiden shot ngocanhnckh's head off using AUG!
[11:02:07] [Server thread/INFO] [net.minecraft.server.dedicated.DedicatedServer]: aiden shot Mattl1103's head off using AUG!
[11:02:55] [Server thread/INFO] [net.minecraft.server.dedicated.DedicatedServer]: aiden shot Mattl1103's head off using AUG!
[11:04:31] [Server thread/INFO] [net.minecraft.server.dedicated.DedicatedServer]: aiden shot Mattl1103's head off using M24!
[11:06:40] [Server thread/INFO] [net.minecraft.server.dedicated.DedicatedServer]: aiden shot ngocanhnckh's head off using M24!
